<?xml version="1.0" encoding="UTF-8"?>
<testng-results ignored="0" total="1" passed="1" failed="0" skipped="0">
  <reporter-output>
  </reporter-output>
  <suite started-at="2026-01-25T19:58:22 IST" name="Default suite" finished-at="2026-01-25T19:58:26 IST" duration-ms="3395">
    <groups>
    </groups>
    <test started-at="2026-01-25T19:58:22 IST" name="Default test" finished-at="2026-01-25T19:58:26 IST" duration-ms="3395">
      <class name="com.fb.NewTest">
        <test-method signature="f()[pri:0, instance:com.fb.NewTest@9225652]" started-at="2026-01-25T19:58:22 IST" name="f" finished-at="2026-01-25T19:58:26 IST" duration-ms="3369" status="PASS">
          <reporter-output>
          </reporter-output>
        </test-method> <!-- f -->
      </class> <!-- com.fb.NewTest -->
    </test> <!-- Default test -->
  </suite> <!-- Default suite -->
</testng-results>
