<?xml version="1.0" encoding="UTF-8"?>
<testng-results ignored="0" total="1" passed="1" failed="0" skipped="0">
  <reporter-output>
  </reporter-output>
  <suite started-at="2026-01-25T19:45:27 IST" name="Default suite" finished-at="2026-01-25T19:45:44 IST" duration-ms="17025">
    <groups>
    </groups>
    <test started-at="2026-01-25T19:45:27 IST" name="Default test" finished-at="2026-01-25T19:45:44 IST" duration-ms="17025">
      <class name="com.fb.TestNGDemo">
        <test-method signature="verifyPageTitle()[pri:0, instance:com.fb.TestNGDemo@9225652]" started-at="2026-01-25T19:45:27 IST" name="verifyPageTitle" finished-at="2026-01-25T19:45:44 IST" duration-ms="16998" status="PASS">
          <reporter-output>
          </reporter-output>
        </test-method> <!-- verifyPageTitle -->
      </class> <!-- com.fb.TestNGDemo -->
    </test> <!-- Default test -->
  </suite> <!-- Default suite -->
</testng-results>
